0 info it worked if it ends with ok
1 verbose cli [ '/usr/local/bin/node',
1 verbose cli   '/Users/matt/.node_modules_global/bin/npm',
1 verbose cli   'start' ]
2 info using npm@3.10.9
3 info using node@v6.9.1
4 verbose run-script [ 'prestart', 'start', 'poststart' ]
5 info lifecycle react-playlist@1.0.0~prestart: react-playlist@1.0.0
6 silly lifecycle react-playlist@1.0.0~prestart: no script for prestart, continuing
7 info lifecycle react-playlist@1.0.0~start: react-playlist@1.0.0
8 verbose lifecycle react-playlist@1.0.0~start: unsafe-perm in lifecycle true
9 verbose lifecycle react-playlist@1.0.0~start: PATH: /Users/matt/.node_modules_global/lib/node_modules/npm/bin/node-gyp-bin:/Users/matt/webprojects/react-playlist/node_modules/.bin:/opt/local/bin:/opt/local/sbin:/Users/matt/.rvm/gems/ruby-2.3.1/bin:/Users/matt/.rvm/gems/ruby-2.3.1@global/bin:/Users/matt/.rvm/rubies/ruby-2.3.1/bin:/Users/matt/.node_modules_global/bin:/usr/local/bin:/usr/bin:/bin:/usr/sbin:/sbin:/usr/local/mysql/bin:/usr/local/ant/bin:/Users/matt/.rvm/bin
10 verbose lifecycle react-playlist@1.0.0~start: CWD: /Users/matt/webprojects/react-playlist
11 silly lifecycle react-playlist@1.0.0~start: Args: [ '-c', 'npm run build' ]
12 silly lifecycle react-playlist@1.0.0~start: Returned: code: 1  signal: null
13 info lifecycle react-playlist@1.0.0~start: Failed to exec start script
14 verbose stack Error: react-playlist@1.0.0 start: `npm run build`
14 verbose stack Exit status 1
14 verbose stack     at EventEmitter.<anonymous> (/Users/matt/.node_modules_global/lib/node_modules/npm/lib/utils/lifecycle.js:255:16)
14 verbose stack     at emitTwo (events.js:106:13)
14 verbose stack     at EventEmitter.emit (events.js:191:7)
14 verbose stack     at ChildProcess.<anonymous> (/Users/matt/.node_modules_global/lib/node_modules/npm/lib/utils/spawn.js:40:14)
14 verbose stack     at emitTwo (events.js:106:13)
14 verbose stack     at ChildProcess.emit (events.js:191:7)
14 verbose stack     at maybeClose (internal/child_process.js:877:16)
14 verbose stack     at Process.ChildProcess._handle.onexit (internal/child_process.js:226:5)
15 verbose pkgid react-playlist@1.0.0
16 verbose cwd /Users/matt/webprojects/react-playlist
17 error Darwin 14.5.0
18 error argv "/usr/local/bin/node" "/Users/matt/.node_modules_global/bin/npm" "start"
19 error node v6.9.1
20 error npm  v3.10.9
21 error code ELIFECYCLE
22 error react-playlist@1.0.0 start: `npm run build`
22 error Exit status 1
23 error Failed at the react-playlist@1.0.0 start script 'npm run build'.
23 error Make sure you have the latest version of node.js and npm installed.
23 error If you do, this is most likely a problem with the react-playlist package,
23 error not with npm itself.
23 error Tell the author that this fails on your system:
23 error     npm run build
23 error You can get information on how to open an issue for this project with:
23 error     npm bugs react-playlist
23 error Or if that isn't available, you can get their info via:
23 error     npm owner ls react-playlist
23 error There is likely additional logging output above.
24 verbose exit [ 1, true ]
